F :1147] HandleQueuedBulkIn transfer in failed. Not found: USB transfer error 5 [LibUsbDataInCallback]
pygame 2.0.0.dev6 (SDL 2.0.9, python 3.7.3)
Hello from the pygame community. https://www.pygame.org/contribute.html
Traceback (most recent call last):
  File "facetracking.py", line 278, in <module>
    faceTracking(dispObj=disp, client=c, showCam=False)
  File "facetracking.py", line 132, in faceTracking
    engine = DetectionEngine("ssd_mobilenet_v2_face_quant_postprocess_edgetpu.tflite")
  File "/usr/lib/python3/dist-packages/edgetpu/detection/engine.py", line 80, in __init__
    super().__init__(model_path)
  File "/usr/lib/python3/dist-packages/edgetpu/basic/basic_engine.py", line 92, in __init__
    self._engine = BasicEnginePythonWrapper.CreateFromFile(model_path)
RuntimeError: Error in device opening (/sys/bus/usb/devices/2-1)!
pygame 2.0.0.dev6 (SDL 2.0.9, python 3.7.3)
Hello from the pygame community. https://www.pygame.org/contribute.html
Traceback (most recent call last):
  File "/home/pi/RIMEPHAS/facetracking.py", line 278, in <module>
    faceTracking(dispObj=disp, client=c, showCam=False)
  File "/home/pi/RIMEPHAS/facetracking.py", line 132, in faceTracking
    engine = DetectionEngine("ssd_mobilenet_v2_face_quant_postprocess_edgetpu.tflite")
  File "/usr/lib/python3/dist-packages/edgetpu/detection/engine.py", line 80, in __init__
    super().__init__(model_path)
  File "/usr/lib/python3/dist-packages/edgetpu/basic/basic_engine.py", line 92, in __init__
    self._engine = BasicEnginePythonWrapper.CreateFromFile(model_path)
RuntimeError: Error in device opening (/sys/bus/usb/devices/2-1)!
pygame 2.0.0.dev6 (SDL 2.0.9, python 3.7.3)
Hello from the pygame community. https://www.pygame.org/contribute.html
Traceback (most recent call last):
  File "facetracking.py", line 277, in <module>
    c = Client()
  File "/home/pi/RIMEPHAS/clientSetup.py", line 9, in __init__
    self.socket.connect(address)
ConnectionRefusedError: [Errno 111] Connection refused
pygame 2.0.0.dev6 (SDL 2.0.9, python 3.7.3)
Hello from the pygame community. https://www.pygame.org/contribute.html
Traceback (most recent call last):
  File "facetracking.py", line 278, in <module>
    faceTracking(dispObj=disp, client=c, showCam=False)
  File "facetracking.py", line 132, in faceTracking
    engine = DetectionEngine("ssd_mobilenet_v2_face_quant_postprocess_edgetpu.tflite")
  File "/usr/lib/python3/dist-packages/edgetpu/detection/engine.py", line 80, in __init__
    super().__init__(model_path)
  File "/usr/lib/python3/dist-packages/edgetpu/basic/basic_engine.py", line 92, in __init__
    self._engine = BasicEnginePythonWrapper.CreateFromFile(model_path)
RuntimeError: Error in device opening (/sys/bus/usb/devices/2-1)!
pygame 2.0.0.dev6 (SDL 2.0.9, python 3.7.3)
Hello from the pygame community. https://www.pygame.org/contribute.html
ID:  1
ID:  2
ID:  3
Unique people:  1
ID:  4
ID:  5
ID:  6
ID:  7
ID:  8
ID:  9
Unique people:  2
ID:  10
Unique people:  3
ID:  11
ID:  12
ID:  13
ID:  14
Unique people:  4
ID:  15
ID:  16
Unique people:  5
ID:  17
Unique people:  6
ID:  18
ID:  19
ID:  20
ID:  21
ID:  22
ID:  23
ID:  24
ID:  25
ID:  26
ID:  27
ID:  28
ID:  29
ID:  30
ID:  31
ID:  32
ID:  33
ID:  34
ID:  35
ID:  36
ID:  37
ID:  38
Unique people:  7
ID:  39
Unique people:  8
Traceback (most recent call last):
  File "facetracking.py", line 278, in <module>
    faceTracking(dispObj=disp, client=c, showCam=False)
  File "facetracking.py", line 178, in faceTracking
    client.send(peopleCount)
  File "/home/pi/RIMEPHAS/clientSetup.py", line 12, in send
    self.socket.sendall(bytes(str(data), 'utf8'))
BrokenPipeError: [Errno 32] Broken pipe
pygame 2.0.0.dev6 (SDL 2.0.9, python 3.7.3)
Hello from the pygame community. https://www.pygame.org/contribute.html
ID:  1
ID:  2
ID:  3
ID:  4
ID:  5
Unique people:  1
Activated
ID:  6
ID:  7
Unique people:  2
ID:  8
Unique people:  3
ID:  9
Unique people:  4
Activated
Activated
ID:  10
Unique people:  5
Activated
ID:  11
Unique people:  6
ID:  12
Unique people:  7
ID:  13
ID:  14
ID:  15
Unique people:  8
Unique people:  9
ID:  16
Unique people:  10
ID:  17
Unique people:  11
ID:  18
Unique people:  12
ID:  19
ID:  20
Unique people:  13
ID:  21
Unique people:  14
ID:  22
Unique people:  15
ID:  23
ID:  24
ID:  25
Unique people:  16
ID:  26
Unique people:  17
Activated
ID:  27
Unique people:  18
ID:  28
Unique people:  19
ID:  29
ID:  30
ID:  31
ID:  32
ID:  33
Unique people:  20
ID:  34
ID:  35
ID:  36
ID:  37
Unique people:  21
ID:  38
ID:  39
ID:  40
Unique people:  22
ID:  41
Unique people:  23
ID:  42
ID:  43
ID:  44
ID:  45
Unique people:  24
Activated
ID:  46
Unique people:  25
ID:  47
Unique people:  26
ID:  48
Activated
ID:  49
ID:  50
Unique people:  27
ID:  51
ID:  52
ID:  53
Unique people:  28
Activated
ID:  54
ID:  55
Unique people:  29
ID:  56
ID:  57
Unique people:  30
ID:  58
ID:  59
Unique people:  31
Activated
ID:  60
ID:  61
Activated
ID:  62
ID:  63
ID:  64
Unique people:  32
Unique people:  33
ID:  65
Unique people:  34
ID:  66
ID:  67
ID:  68
ID:  69
Unique people:  35
Unique people:  36
ID:  70
Unique people:  37
ID:  71
Unique people:  38
ID:  72
ID:  73
ID:  74
Unique people:  39
ID:  75
ID:  76
Unique people:  40
ID:  77
Unique people:  41
ID:  78
ID:  79
ID:  80
ID:  81
ID:  82
Unique people:  42
ID:  83
Unique people:  43
Activated
ID:  84
ID:  85
ID:  86
ID:  87
ID:  88
ID:  89
ID:  90
ID:  91
ID:  92
Unique people:  44
ID:  93
Unique people:  45
ID:  94
ID:  95
Unique people:  46
Activated
ID:  96
ID:  97
ID:  98
Unique people:  47
Activated
ID:  99
Unique people:  48
ID:  100
ID:  101
ID:  102
Activated
ID:  103
Activated
ID:  104
ID:  105
ID:  106
Unique people:  49
Activated
ID:  107
Unique people:  50
ID:  108
ID:  109
ID:  110
ID:  111
ID:  112
Unique people:  51
ID:  113
ID:  114
Unique people:  52
ID:  115
ID:  116
Unique people:  53
ID:  117
ID:  118
ID:  119
Unique people:  54
ID:  120
Unique people:  55
ID:  121
ID:  122
ID:  123
ID:  124
Unique people:  56
Activated
ID:  125
ID:  126
Unique people:  57
Activated
ID:  127
ID:  128
ID:  129
ID:  130
Unique people:  58
ID:  131
Unique people:  59
Activated
ID:  132
Unique people:  60
ID:  133
Unique people:  61
Activated
ID:  134
ID:  135
Unique people:  62
Activated
ID:  136
ID:  137
ID:  138
ID:  139
ID:  140
ID:  141
Unique people:  63
ID:  142
ID:  143
Unique people:  64
ID:  144
ID:  145
ID:  146
ID:  147
ID:  148
ID:  149
Unique people:  65
ID:  150
ID:  151
ID:  152
Unique people:  66
ID:  153
ID:  154
Unique people:  67
ID:  155
Unique people:  68
ID:  156
Unique people:  69
ID:  157
Unique people:  70
ID:  158
Activated
ID:  159
Unique people:  71
ID:  160
ID:  161
Unique people:  72
Activated
ID:  162
Unique people:  73
ID:  163
ID:  164
ID:  165
ID:  166
ID:  167
ID:  168
ID:  169
Unique people:  74
ID:  170
ID:  171
ID:  172
Unique people:  75
ID:  173
ID:  174
ID:  175
Unique people:  76
ID:  176
ID:  177
ID:  178
ID:  179
Unique people:  77
Activated
ID:  180
Unique people:  78
ID:  181
ID:  182
Unique people:  79
ID:  183
Unique people:  80
Activated
ID:  184
ID:  185
Unique people:  81
Activated
ID:  186
Unique people:  82
ID:  187
Unique people:  83
Activated
ID:  188
ID:  189
Unique people:  84
ID:  190
Unique people:  85
ID:  191
ID:  192
Unique people:  86
ID:  193
ID:  194
Activated
ID:  195
ID:  196
Unique people:  87
ID:  197
ID:  198
Unique people:  88
Activated
Activated
ID:  199
ID:  200
ID:  201
Unique people:  89
ID:  202
ID:  203
ID:  204
Unique people:  90
Activated
ID:  205
ID:  206
Unique people:  91
ID:  207
ID:  208
ID:  209
ID:  210
Unique people:  92
ID:  211
ID:  212
Unique people:  93
ID:  213
Unique people:  94
Activated
ID:  214
ID:  215
Unique people:  95
ID:  216
ID:  217
Unique people:  96
ID:  218
ID:  219
Unique people:  97
ID:  220
ID:  221
Unique people:  98
Activated
ID:  222
ID:  223
Unique people:  99
Activated
ID:  224
ID:  225
ID:  226
ID:  227
ID:  228
ID:  229
Unique people:  100
ID:  230
ID:  231
ID:  232
ID:  233
ID:  234
ID:  235
ID:  236
ID:  237
ID:  238
ID:  239
ID:  240
ID:  241
Unique people:  101
Activated
ID:  242
ID:  243
ID:  244
Unique people:  102
ID:  245
ID:  246
Unique people:  103
ID:  247
Unique people:  104
Activated
ID:  248
Unique people:  105
ID:  249
Unique people:  106
ID:  250
ID:  251
ID:  252
ID:  253
Unique people:  107
Activated
ID:  254
Unique people:  108
Activated
ID:  255
ID:  256
ID:  257
ID:  258
ID:  259
ID:  260
Unique people:  109
Activated
ID:  261
Unique people:  110
ID:  262
Unique people:  111
ID:  263
ID:  264
ID:  265
ID:  266
ID:  267
ID:  268
Unique people:  112
ID:  269
Unique people:  113
Activated
Activated
ID:  270
Unique people:  114
ID:  271
ID:  272
ID:  273
ID:  274
Unique people:  115
ID:  275
ID:  276
ID:  277
ID:  278
ID:  279
ID:  280
ID:  281
ID:  282
Unique people:  116
ID:  283
ID:  284
ID:  285
Unique people:  117
ID:  286
Unique people:  118
ID:  287
ID:  288
Unique people:  119
ID:  289
Unique people:  120
ID:  290
Unique people:  121
Activated
ID:  291
Activated
ID:  292
Activated
ID:  293
Activated
Unique people:  122
Activated
ID:  294
Unique people:  123
ID:  295
ID:  296
ID:  297
ID:  298
ID:  299
ID:  300
ID:  301
Unique people:  124
ID:  302
Activated
Activated
Activated
ID:  303
ID:  304
Unique people:  125
Activated
ID:  305
Unique people:  126
Activated
ID:  306
Unique people:  127
Activated
ID:  307
ID:  308
Unique people:  128
ID:  309
ID:  310
Unique people:  129
ID:  311
ID:  312
ID:  313
ID:  314
ID:  315
ID:  316
ID:  317
Unique people:  130
ID:  318
ID:  319
Unique people:  131
ID:  320
ID:  321
ID:  322
ID:  323
Unique people:  132
ID:  324
Unique people:  133
ID:  325
Activated
ID:  326
ID:  327
ID:  328
ID:  329
ID:  330
ID:  331
ID:  332
ID:  333
ID:  334
Unique people:  134
ID:  335
Unique people:  135
ID:  336
ID:  337
ID:  338
Unique people:  136
ID:  339
Unique people:  137
ID:  340
ID:  341
ID:  342
ID:  343
ID:  344
Activated
ID:  345
ID:  346
ID:  347
ID:  348
Unique people:  138
Activated
ID:  349
Unique people:  139
ID:  350
Unique people:  140
ID:  351
ID:  352
ID:  353
Unique people:  141
ID:  354
Unique people:  142
Activated
ID:  355
Unique people:  143
ID:  356
Unique people:  144
ID:  357
ID:  358
ID:  359
Unique people:  145
Activated
ID:  360
Unique people:  146
Activated
ID:  361
ID:  362
ID:  363
ID:  364
ID:  365
Unique people:  147
ID:  366
Unique people:  148
ID:  367
ID:  368
ID:  369
ID:  370
Unique people:  149
ID:  371
ID:  372
ID:  373
ID:  374
ID:  375
ID:  376
Unique people:  150
Activated
ID:  377
ID:  378
Unique people:  151
ID:  379
ID:  380
Unique people:  152
ID:  381
Unique people:  153
ID:  382
ID:  383
Unique people:  154
ID:  384
Unique people:  155
ID:  385
ID:  386
Activated
ID:  387
Activated
ID:  388
ID:  389
Unique people:  156
Activated
ID:  390
ID:  391
ID:  392
ID:  393
ID:  394
Unique people:  157
Activated
ID:  395
ID:  396
Unique people:  158
ID:  397
ID:  398
ID:  399
Unique people:  159
ID:  400
ID:  401
ID:  402
ID:  403
ID:  404
ID:  405
ID:  406
Unique people:  160
ID:  407
Unique people:  161
Activated
ID:  408
ID:  409
Unique people:  162
ID:  410
ID:  411
ID:  412
Unique people:  163
ID:  413
Unique people:  164
Activated
ID:  414
Unique people:  165
Activated
ID:  415
ID:  416
Unique people:  166
ID:  417
Unique people:  167
ID:  418
ID:  419
ID:  420
ID:  421
ID:  422
ID:  423
ID:  424
ID:  425
ID:  426
Unique people:  168
Unique people:  169
Activated
Activated
ID:  427
Unique people:  170
Activated
ID:  428
ID:  429
ID:  430
Unique people:  171
Activated
ID:  431
ID:  432
Unique people:  172
ID:  433
ID:  434
ID:  435
Unique people:  173
ID:  436
ID:  437
Unique people:  174
ID:  438
ID:  439
Unique people:  175
ID:  440
Unique people:  176
ID:  441
ID:  442
ID:  443
ID:  444
ID:  445
Unique people:  177
ID:  446
ID:  447
Unique people:  178
Activated
ID:  448
ID:  449
ID:  450
ID:  451
ID:  452
Unique people:  179
ID:  453
Unique people:  180
ID:  454
Unique people:  181
Activated
Activated
ID:  455
ID:  456
ID:  457
ID:  458
Unique people:  182
ID:  459
Unique people:  183
ID:  460
ID:  461
ID:  462
Unique people:  184
ID:  463
Unique people:  185
ID:  464
ID:  465
Unique people:  186
ID:  466
ID:  467
Unique people:  187
ID:  468
ID:  469
Unique people:  188
ID:  470
Activated
ID:  471
Unique people:  189
ID:  472
ID:  473
ID:  474
ID:  475
ID:  476
ID:  477
ID:  478
ID:  479
ID:  480
ID:  481
Activated
ID:  482
ID:  483
Unique people:  190
Activated
ID:  484
Unique people:  191
ID:  485
Unique people:  192
ID:  486
Unique people:  193
ID:  487
Unique people:  194
ID:  488
Unique people:  195
ID:  489
ID:  490
Unique people:  196
ID:  491
ID:  492
ID:  493
Unique people:  197
ID:  494
Unique people:  198
ID:  495
ID:  496
ID:  497
Unique people:  199
Activated
ID:  498
ID:  499
ID:  500
ID:  501
ID:  502
ID:  503
ID:  504
Activated
ID:  505
ID:  506
Unique people:  200
ID:  507
Unique people:  201
Activated
ID:  508
Unique people:  202
ID:  509
ID:  510
ID:  511
Unique people:  203
ID:  512
ID:  513
Unique people:  204
Activated
ID:  514
ID:  515
Unique people:  205
ID:  516
Unique people:  206
ID:  517
Unique people:  207
Activated
Activated
Activated
ID:  518
ID:  519
ID:  520
Unique people:  208
ID:  521
ID:  522
ID:  523
ID:  524
ID:  525
ID:  526
ID:  527
Unique people:  209
ID:  528
Unique people:  210
ID:  529
ID:  530
ID:  531
ID:  532
Unique people:  211
ID:  533
ID:  534
Unique people:  212
ID:  535
ID:  536
Unique people:  213
ID:  537
ID:  538
Unique people:  214
ID:  539
Unique people:  215
ID:  540
Unique people:  216
ID:  541
ID:  542
ID:  543
ID:  544
ID:  545
ID:  546
Unique people:  217
ID:  547
Unique people:  218
ID:  548
Unique people:  219
ID:  549
ID:  550
Unique people:  220
ID:  551
Unique people:  221
Activated
ID:  552
ID:  553
Unique people:  222
Activated
ID:  554
ID:  555
Unique people:  223
ID:  556
ID:  557
ID:  558
ID:  559
ID:  560
ID:  561
ID:  562
ID:  563
ID:  564
ID:  565
ID:  566
ID:  567
ID:  568
ID:  569
Unique people:  224
ID:  570
ID:  571
ID:  572
ID:  573
ID:  574
ID:  575
Unique people:  225
ID:  576
ID:  577
ID:  578
ID:  579
ID:  580
ID:  581
ID:  582
Unique people:  226
Activated
ID:  583
ID:  584
Unique people:  227
ID:  585
Unique people:  228
ID:  586
ID:  587
Unique people:  229
ID:  588
ID:  589
ID:  590
Unique people:  230
ID:  591
ID:  592
ID:  593
ID:  594
ID:  595
ID:  596
Unique people:  231
Unique people:  232
ID:  597
Unique people:  233
ID:  598
ID:  599
ID:  600
ID:  601
ID:  602
Activated
ID:  603
ID:  604
Unique people:  234
Activated
ID:  605
ID:  606
Unique people:  235
ID:  607
ID:  608
Unique people:  236
ID:  609
Unique people:  237
ID:  610
ID:  611
ID:  612
Unique people:  238
ID:  613
ID:  614
ID:  615
ID:  616
ID:  617
Unique people:  239
ID:  618
Unique people:  240
ID:  619
Unique people:  241
Activated
ID:  620
ID:  621
ID:  622
ID:  623
ID:  624
ID:  625
Unique people:  242
Activated
ID:  626
Unique people:  243
ID:  627
ID:  628
ID:  629
ID:  630
Unique people:  244
ID:  631
Unique people:  245
ID:  632
Unique people:  246
Activated
ID:  633
ID:  634
Unique people:  247
ID:  635
Unique people:  248
ID:  636
ID:  637
Activated
ID:  638
Unique people:  249
Activated
ID:  639
Unique people:  250
ID:  640
ID:  641
Unique people:  251
ID:  642
ID:  643
ID:  644
ID:  645
ID:  646
ID:  647
ID:  648
Unique people:  252
ID:  649
ID:  650
ID:  651
Unique people:  253
ID:  652
Unique people:  254
Activated
ID:  653
ID:  654
ID:  655
Unique people:  255
ID:  656
Unique people:  256
ID:  657
Unique people:  257
ID:  658
ID:  659
ID:  660
Unique people:  258
Unique people:  259
ID:  661
Unique people:  260
Activated
Activated
ID:  662
ID:  663
Unique people:  261
ID:  664
Unique people:  262
Activated
ID:  665
Unique people:  263
Activated
ID:  666
Unique people:  264
ID:  667
Unique people:  265
Activated
ID:  668
ID:  669
Unique people:  266
ID:  670
ID:  671
Unique people:  267
Activated
ID:  672
Unique people:  268
Activated
ID:  673
ID:  674
Unique people:  269
ID:  675
Unique people:  270
ID:  676
ID:  677
ID:  678
ID:  679
ID:  680
Unique people:  271
ID:  681
Unique people:  272
Activated
Activated
ID:  682
Unique people:  273
Activated
Activated
ID:  683
Unique people:  274
ID:  684
Unique people:  275
Activated
ID:  685
Unique people:  276
Activated
ID:  686
ID:  687
Unique people:  277
ID:  688
Unique people:  278
ID:  689
Unique people:  279
Activated
ID:  690
ID:  691
Unique people:  280
ID:  692
ID:  693
ID:  694
Unique people:  281
ID:  695
ID:  696
ID:  697
ID:  698
ID:  699
Unique people:  282
ID:  700
Unique people:  283
ID:  701
Unique people:  284
Activated
ID:  702
Unique people:  285
ID:  703
Unique people:  286
ID:  704
ID:  705
Unique people:  287
ID:  706
Unique people:  288
Activated
Activated
ID:  707
Unique people:  289
ID:  708
Activated
Unique people:  290
ID:  709
Unique people:  291
ID:  710
ID:  711
ID:  712
ID:  713
ID:  714
ID:  715
ID:  716
Unique people:  292
ID:  717
Unique people:  293
Activated
ID:  718
Unique people:  294
ID:  719
Unique people:  295
Activated
ID:  720
Unique people:  296
ID:  721
ID:  722
ID:  723
Unique people:  297
ID:  724
ID:  725
ID:  726
ID:  727
ID:  728
ID:  729
ID:  730
ID:  731
ID:  732
ID:  733
ID:  734
ID:  735
ID:  736
ID:  737
Unique people:  298
ID:  738
Unique people:  299
Activated
ID:  739
Unique people:  300
ID:  740
ID:  741
Unique people:  301
ID:  742
ID:  743
ID:  744
ID:  745
Unique people:  302
ID:  746
ID:  747
ID:  748
ID:  749
Unique people:  303
Unique people:  304
Activated
ID:  750
Activated
ID:  751
ID:  752
ID:  753
ID:  754
Unique people:  305
ID:  755
Unique people:  306
ID:  756
ID:  757
ID:  758
Unique people:  307
ID:  759
Unique people:  308
ID:  760
ID:  761
ID:  762
ID:  763
ID:  764
ID:  765
ID:  766
ID:  767
ID:  768
ID:  769
Unique people:  309
ID:  770
ID:  771
ID:  772
ID:  773
Unique people:  310
ID:  774
ID:  775
Unique people:  311
ID:  776
ID:  777
Unique people:  312
ID:  778
Unique people:  313
Activated
Activated
Activated
ID:  779
ID:  780
ID:  781
ID:  782
ID:  783
ID:  784
ID:  785
ID:  786
ID:  787
Unique people:  314
Unique people:  315
ID:  788
ID:  789
ID:  790
ID:  791
ID:  792
Unique people:  316
ID:  793
ID:  794
ID:  795
Unique people:  317
ID:  796
ID:  797
ID:  798
Unique people:  318
ID:  799
ID:  800
ID:  801
ID:  802
ID:  803
ID:  804
Unique people:  319
Activated
ID:  805
Unique people:  320
ID:  806
ID:  807
ID:  808
ID:  809
Unique people:  321
Activated
Activated
ID:  810
Unique people:  322
ID:  811
Unique people:  323
Activated
ID:  812
ID:  813
ID:  814
ID:  815
ID:  816
ID:  817
ID:  818
Activated
ID:  819
Unique people:  324
ID:  820
Unique people:  325
ID:  821
Unique people:  326
ID:  822
ID:  823
ID:  824
ID:  825
Unique people:  327
Activated
Activated
ID:  826
ID:  827
ID:  828
Unique people:  328
ID:  829
Activated
ID:  830
Unique people:  329
ID:  831
ID:  832
ID:  833
ID:  834
ID:  835
Activated
ID:  836
ID:  837
Unique people:  330
ID:  838
Unique people:  331
Activated
ID:  839
ID:  840
ID:  841
Unique people:  332
ID:  842
Unique people:  333
Activated
Activated
ID:  843
ID:  844
ID:  845
Activated
ID:  846
ID:  847
ID:  848
ID:  849
ID:  850
Unique people:  334
Activated
ID:  851
Unique people:  335
ID:  852
Unique people:  336
ID:  853
Unique people:  337
ID:  854
ID:  855
ID:  856
ID:  857
ID:  858
Unique people:  338
ID:  859
Unique people:  339
ID:  860
ID:  861
Unique people:  340
Activated
ID:  862
Unique people:  341
Activated
ID:  863
ID:  864
Unique people:  342
ID:  865
ID:  866
Unique people:  343
ID:  867
Activated
ID:  868
Unique people:  344
ID:  869
Unique people:  345
Activated
ID:  870
Unique people:  346
ID:  871
ID:  872
Unique people:  347
ID:  873
Unique people:  348
ID:  874
Unique people:  349
ID:  875
Unique people:  350
ID:  876
Unique people:  351
Activated
ID:  877
ID:  878
Unique people:  352
ID:  879
ID:  880
Unique people:  353
ID:  881
Unique people:  354
ID:  882
Unique people:  355
Activated
ID:  883
ID:  884
Unique people:  356
ID:  885
Unique people:  357
ID:  886
ID:  887
Unique people:  358
ID:  888
Unique people:  359
ID:  889
ID:  890
Unique people:  360
ID:  891
ID:  892
ID:  893
ID:  894
ID:  895
ID:  896
ID:  897
ID:  898
Unique people:  361
Unique people:  362
ID:  899
ID:  900
ID:  901
Unique people:  363
ID:  902
ID:  903
ID:  904
Unique people:  364
ID:  905
ID:  906
ID:  907
ID:  908
ID:  909
ID:  910
Unique people:  365
ID:  911
Unique people:  366
ID:  912
Unique people:  367
ID:  913
ID:  914
ID:  915
ID:  916
ID:  917
Unique people:  368
ID:  918
ID:  919
ID:  920
ID:  921
ID:  922
ID:  923
ID:  924
Unique people:  369
ID:  925
Unique people:  370
ID:  926
ID:  927
Unique people:  371
ID:  928
Unique people:  372
ID:  929
ID:  930
ID:  931
ID:  932
ID:  933
ID:  934
Unique people:  373
ID:  935
Unique people:  374
Activated
ID:  936
Unique people:  375
Activated
ID:  937
ID:  938
ID:  939
ID:  940
ID:  941
Unique people:  376
ID:  942
Unique people:  377
Activated
ID:  943
Unique people:  378
Activated
ID:  944
ID:  945
Unique people:  379
ID:  946
ID:  947
Unique people:  380
ID:  948
Unique people:  381
Activated
ID:  949
Unique people:  382
Activated
ID:  950
ID:  951
ID:  952
ID:  953
ID:  954
ID:  955
Unique people:  383
ID:  956
Unique people:  384
Activated
ID:  957
ID:  958
Unique people:  385
ID:  959
Unique people:  386
ID:  960
ID:  961
ID:  962
ID:  963
ID:  964
ID:  965
ID:  966
ID:  967
Unique people:  387
ID:  968
Unique people:  388
ID:  969
Unique people:  389
ID:  970
ID:  971
Unique people:  390
Activated
ID:  972
Unique people:  391
ID:  973
ID:  974
Unique people:  392
ID:  975
Unique people:  393
Activated
ID:  976
Unique people:  394
ID:  977
Unique people:  395
ID:  978
ID:  979
Unique people:  396
ID:  980
ID:  981
ID:  982
ID:  983
ID:  984
Unique people:  397
ID:  985
ID:  986
ID:  987
Unique people:  398
Activated
ID:  988
ID:  989
ID:  990
ID:  991
Unique people:  399
ID:  992
ID:  993
ID:  994
ID:  995
Unique people:  400
ID:  996
Unique people:  401
ID:  997
Unique people:  402
ID:  998
ID:  999
ID:  1000
ID:  1001
ID:  1002
ID:  1003
ID:  1004
Unique people:  403
ID:  1005
ID:  1006
Unique people:  404
ID:  1007
Unique people:  405
ID:  1008
Unique people:  406
Activated
ID:  1009
ID:  1010
Unique people:  407
Activated
ID:  1011
ID:  1012
ID:  1013
Unique people:  408
ID:  1014
ID:  1015
ID:  1016
Unique people:  409
ID:  1017
ID:  1018
ID:  1019
ID:  1020
ID:  1021
ID:  1022
ID:  1023
ID:  1024
Unique people:  410
Activated
ID:  1025
ID:  1026
Unique people:  411
ID:  1027
Activated
ID:  1028
ID:  1029
Activated
ID:  1030
ID:  1031
ID:  1032
ID:  1033
Unique people:  412
ID:  1034
ID:  1035
ID:  1036
ID:  1037
ID:  1038
Unique people:  413
ID:  1039
Activated
ID:  1040
ID:  1041
ID:  1042
ID:  1043
ID:  1044
ID:  1045
Unique people:  414
Activated
ID:  1046
Unique people:  415
ID:  1047
ID:  1048
ID:  1049
ID:  1050
Unique people:  416
ID:  1051
ID:  1052
Unique people:  417
Activated
Activated
ID:  1053
Unique people:  418
ID:  1054
ID:  1055
Unique people:  419
ID:  1056
ID:  1057
ID:  1058
Unique people:  420
ID:  1059
Unique people:  421
ID:  1060
Unique people:  422
ID:  1061
Unique people:  423
ID:  1062
ID:  1063
ID:  1064
Unique people:  424
ID:  1065
ID:  1066
ID:  1067
Unique people:  425
ID:  1068
ID:  1069
Activated
ID:  1070
Unique people:  426
ID:  1071
ID:  1072
ID:  1073
Unique people:  427
Unique people:  428
ID:  1074
Unique people:  429
ID:  1075
ID:  1076
ID:  1077
ID:  1078
ID:  1079
ID:  1080
ID:  1081
ID:  1082
ID:  1083
ID:  1084
Unique people:  430
Activated
ID:  1085
Unique people:  431
Activated
ID:  1086
ID:  1087
Unique people:  432
ID:  1088
ID:  1089
ID:  1090
ID:  1091
Unique people:  433
Unique people:  434
Activated
ID:  1092
ID:  1093
ID:  1094
ID:  1095
Unique people:  435
ID:  1096
ID:  1097
ID:  1098
ID:  1099
Unique people:  436
Unique people:  437
ID:  1100
Unique people:  438
Activated
ID:  1101
Unique people:  439
ID:  1102
ID:  1103
ID:  1104
ID:  1105
ID:  1106
ID:  1107
Activated
ID:  1108
ID:  1109
ID:  1110
Unique people:  440
ID:  1111
Unique people:  441
ID:  1112
ID:  1113
ID:  1114
ID:  1115
ID:  1116
ID:  1117
Unique people:  442
ID:  1118
Unique people:  443
ID:  1119
ID:  1120
Unique people:  444
Unique people:  445
ID:  1121
ID:  1122
ID:  1123
Unique people:  446
ID:  1124
ID:  1125
ID:  1126
Unique people:  447
ID:  1127
ID:  1128
ID:  1129
ID:  1130
ID:  1131
Unique people:  448
ID:  1132
ID:  1133
Unique people:  449
Activated
Activated
Activated
ID:  1134
Unique people:  450
ID:  1135
Unique people:  451
ID:  1136
ID:  1137
Unique people:  452
ID:  1138
Unique people:  453
Activated
Activated
ID:  1139
ID:  1140
ID:  1141
Unique people:  454
ID:  1142
ID:  1143
Unique people:  455
Activated
ID:  1144
ID:  1145
ID:  1146
ID:  1147
ID:  1148
ID:  1149
Unique people:  456
Unique people:  457
ID:  1150
Unique people:  458
ID:  1151
ID:  1152
ID:  1153
Unique people:  459
Activated
ID:  1154
Unique people:  460
ID:  1155
Unique people:  461
ID:  1156
ID:  1157
Unique people:  462
ID:  1158
Unique people:  463
ID:  1159
Unique people:  464
Activated
ID:  1160
ID:  1161
ID:  1162
Unique people:  465
ID:  1163
ID:  1164
ID:  1165
Unique people:  466
ID:  1166
Unique people:  467
ID:  1167
ID:  1168
Unique people:  468
ID:  1169
ID:  1170
ID:  1171
Unique people:  469
ID:  1172
ID:  1173
ID:  1174
ID:  1175
ID:  1176
Unique people:  470
ID:  1177
ID:  1178
ID:  1179
Unique people:  471
ID:  1180
ID:  1181
Unique people:  472
ID:  1182
ID:  1183
ID:  1184
Unique people:  473
ID:  1185
Unique people:  474
ID:  1186
ID:  1187
ID:  1188
ID:  1189
ID:  1190
ID:  1191
ID:  1192
ID:  1193
ID:  1194
ID:  1195
ID:  1196
ID:  1197
Unique people:  475
ID:  1198
ID:  1199
ID:  1200
Unique people:  476
ID:  1201
ID:  1202
ID:  1203
ID:  1204
Unique people:  477
ID:  1205
ID:  1206
ID:  1207
Unique people:  478
ID:  1208
Unique people:  479
ID:  1209
Unique people:  480
ID:  1210
ID:  1211
ID:  1212
ID:  1213
Unique people:  481
ID:  1214
Unique people:  482
ID:  1215
Unique people:  483
ID:  1216
ID:  1217
ID:  1218
Unique people:  484
ID:  1219
ID:  1220
Unique people:  485
ID:  1221
ID:  1222
Unique people:  486
Activated
Activated
ID:  1223
Unique people:  487
ID:  1224
ID:  1225
ID:  1226
ID:  1227
Unique people:  488
ID:  1228
Unique people:  489
Activated
ID:  1229
ID:  1230
Unique people:  490
ID:  1231
ID:  1232
ID:  1233
Unique people:  491
Activated
Activated
Activated
ID:  1234
ID:  1235
ID:  1236
ID:  1237
ID:  1238
ID:  1239
Unique people:  492
Activated
ID:  1240
Unique people:  493
ID:  1241
ID:  1242
Unique people:  494
Unique people:  495
Activated
ID:  1243
ID:  1244
Unique people:  496
Activated
ID:  1245
ID:  1246
Activated
ID:  1247
ID:  1248
ID:  1249
Unique people:  497
ID:  1250
ID:  1251
Unique people:  498
ID:  1252
Unique people:  499
Activated
ID:  1253
Unique people:  500
ID:  1254
ID:  1255
ID:  1256
ID:  1257
ID:  1258
ID:  1259
Unique people:  501
ID:  1260
Unique people:  502
Activated
ID:  1261
Unique people:  503
ID:  1262
Unique people:  504
ID:  1263
ID:  1264
ID:  1265
ID:  1266
ID:  1267
ID:  1268
ID:  1269
ID:  1270
ID:  1271
Unique people:  505
ID:  1272
ID:  1273
ID:  1274
ID:  1275
Unique people:  506
ID:  1276
ID:  1277
Unique people:  507
ID:  1278
ID:  1279
ID:  1280
ID:  1281
Unique people:  508
ID:  1282
Unique people:  509
ID:  1283
ID:  1284
ID:  1285
Unique people:  510
ID:  1286
ID:  1287
Unique people:  511
ID:  1288
ID:  1289
ID:  1290
ID:  1291
ID:  1292
ID:  1293
ID:  1294
Unique people:  512
Unique people:  513
ID:  1295
ID:  1296
ID:  1297
Unique people:  514
ID:  1298
ID:  1299
ID:  1300
ID:  1301
Unique people:  515
Unique people:  516
Activated
ID:  1302
Activated
ID:  1303
Unique people:  517
ID:  1304
ID:  1305
ID:  1306
Unique people:  518
Activated
ID:  1307
Unique people:  519
ID:  1308
ID:  1309
Unique people:  520
ID:  1310
ID:  1311
Unique people:  521
Activated
ID:  1312
Unique people:  522
Activated
ID:  1313
ID:  1314
Unique people:  523
ID:  1315
ID:  1316
Unique people:  524
ID:  1317
ID:  1318
Unique people:  525
ID:  1319
ID:  1320
ID:  1321
Unique people:  526
Activated
ID:  1322
ID:  1323
ID:  1324
ID:  1325
ID:  1326
Unique people: 